<?xml version="1.0" encoding="UTF-8"?>
<testsuite xmlns:xsi="http://www.w3.org/2001/XMLSchema-instance" xsi:schemaLocation="https://maven.apache.org/surefire/maven-surefire-plugin/xsd/surefire-test-report.xsd" name="TestSuite" time="117.617" tests="2" errors="0" skipped="0" failures="2">
  <properties>
[...]
</properties>
  <testcase name="feature" classname="runner.RunTest" time="116.88">
    <failure message="org.openqa.selenium.NoSuchElementException: An element could not be located on the page using the given search parameters. (WARNING: The server did not provide any stacktrace information)&#10;Command duration or timeout: 50.10 seconds&#10;For documentation on this error, please visit: http://seleniumhq.org/exceptions/no_such_element.html&#10;Build info: version: &apos;3.1.0&apos;, revision: &apos;b94c902&apos;, time: &apos;2017-02-16 12:21:31 -0800&apos;&#10;System info: host: &apos;MacBook-Pro-de-Bryan.local&apos;, ip: &apos;fda5:79f7:5090:1:4e:dcfb:e7fe:a4c1%en0&apos;, os.name: &apos;Mac OS X&apos;, os.arch: &apos;x86_64&apos;, os.version: &apos;10.16&apos;, java.version: &apos;1.8.0_202&apos;&#10;Driver info: io.appium.java_client.android.AndroidDriver&#10;Capabilities [{app=/Users/bvasquez/Downloads/AutomationAppiumTemplate//App//booking.apk, appPackage=com.booking, deviceScreenSize=1440x3120, networkConnectionEnabled=true, statBarHeight=136, warnings={}, viewportRect={top=136, left=0, width=1440, height=2680}, databaseEnabled=false, deviceName=emulator-5554, platform=LINUX, deviceUDID=emulator-5554, desired={app=/Users/bvasquez/Downloads/AutomationAppiumTemplate//App//booking.apk, platformName=Android, deviceName=pixel-device}, platformVersion=11, pixelRatio=3.5, webStorageEnabled=false, locationContextEnabled=false, takesScreenshot=true, javascriptEnabled=true, deviceScreenDensity=560, deviceModel=Android SDK built for x86, platformName=Android, deviceApiLevel=30, deviceManufacturer=unknown}]&#10;Session ID: a437a96a-c75f-4a90-b9fd-e98a484b324e&#10;*** Element info: {Using=xpath, value=/hierarchy/android.widget.FrameLayout/android.widget.LinearLayout/android.widget.FrameLayout/android.view.ViewGroup/android.widget.FrameLayout[2]/android.widget.RelativeLayout/android.widget.LinearLayout[2]/android.widget.LinearLayout/android.widget.LinearLayout/android.widget.FrameLayout/android.widget.Button}" type="cucumber.runtime.CucumberException">cucumber.runtime.CucumberException: 
org.openqa.selenium.NoSuchElementException: An element could not be located on the page using the given search parameters. (WARNING: The server did not provide any stacktrace information)
Command duration or timeout: 50.10 seconds
For documentation on this error, please visit: http://seleniumhq.org/exceptions/no_such_element.html
Build info: version: '3.1.0', revision: 'b94c902', time: '2017-02-16 12:21:31 -0800'
System info: host: 'MacBook-Pro-de-Bryan.local', ip: 'fda5:79f7:5090:1:4e:dcfb:e7fe:a4c1%en0', os.name: 'Mac OS X', os.arch: 'x86_64', os.version: '10.16', java.version: '1.8.0_202'
Driver info: io.appium.java_client.android.AndroidDriver
Capabilities [{app=/Users/bvasquez/Downloads/AutomationAppiumTemplate//App//booking.apk, appPackage=com.booking, deviceScreenSize=1440x3120, networkConnectionEnabled=true, statBarHeight=136, warnings={}, viewportRect={top=136, left=0, width=1440, height=2680}, databaseEnabled=false, deviceName=emulator-5554, platform=LINUX, deviceUDID=emulator-5554, desired={app=/Users/bvasquez/Downloads/AutomationAppiumTemplate//App//booking.apk, platformName=Android, deviceName=pixel-device}, platformVersion=11, pixelRatio=3.5, webStorageEnabled=false, locationContextEnabled=false, takesScreenshot=true, javascriptEnabled=true, deviceScreenDensity=560, deviceModel=Android SDK built for x86, platformName=Android, deviceApiLevel=30, deviceManufacturer=unknown}]
Session ID: a437a96a-c75f-4a90-b9fd-e98a484b324e
*** Element info: {Using=xpath, value=/hierarchy/android.widget.FrameLayout/android.widget.LinearLayout/android.widget.FrameLayout/android.view.ViewGroup/android.widget.FrameLayout[2]/android.widget.RelativeLayout/android.widget.LinearLayout[2]/android.widget.LinearLayout/android.widget.LinearLayout/android.widget.FrameLayout/android.widget.Button}
Caused by: org.openqa.selenium.NoSuchElementException: 
An element could not be located on the page using the given search parameters. (WARNING: The server did not provide any stacktrace information)
Command duration or timeout: 50.10 seconds
For documentation on this error, please visit: http://seleniumhq.org/exceptions/no_such_element.html
Build info: version: '3.1.0', revision: 'b94c902', time: '2017-02-16 12:21:31 -0800'
System info: host: 'MacBook-Pro-de-Bryan.local', ip: 'fda5:79f7:5090:1:4e:dcfb:e7fe:a4c1%en0', os.name: 'Mac OS X', os.arch: 'x86_64', os.version: '10.16', java.version: '1.8.0_202'
Driver info: io.appium.java_client.android.AndroidDriver
Capabilities [{app=/Users/bvasquez/Downloads/AutomationAppiumTemplate//App//booking.apk, appPackage=com.booking, deviceScreenSize=1440x3120, networkConnectionEnabled=true, statBarHeight=136, warnings={}, viewportRect={top=136, left=0, width=1440, height=2680}, databaseEnabled=false, deviceName=emulator-5554, platform=LINUX, deviceUDID=emulator-5554, desired={app=/Users/bvasquez/Downloads/AutomationAppiumTemplate//App//booking.apk, platformName=Android, deviceName=pixel-device}, platformVersion=11, pixelRatio=3.5, webStorageEnabled=false, locationContextEnabled=false, takesScreenshot=true, javascriptEnabled=true, deviceScreenDensity=560, deviceModel=Android SDK built for x86, platformName=Android, deviceApiLevel=30, deviceManufacturer=unknown}]
Session ID: a437a96a-c75f-4a90-b9fd-e98a484b324e
*** Element info: {Using=xpath, value=/hierarchy/android.widget.FrameLayout/android.widget.LinearLayout/android.widget.FrameLayout/android.view.ViewGroup/android.widget.FrameLayout[2]/android.widget.RelativeLayout/android.widget.LinearLayout[2]/android.widget.LinearLayout/android.widget.LinearLayout/android.widget.FrameLayout/android.widget.Button}
</failure>
    <system-out><![CDATA[@allTestCases
Feature: Validar ingresos de reservas de habitaciones

  @FlujoCompleto @SCN01
  Scenario: Cliente realiza reserva exitosa de alojamiento                                              &amp#27;[90m# Reservas.feature:5&amp#27;[0m
    &amp#27;[32mGiven &amp#27;[0m&amp#27;[32mEl cliente busca destino "&amp#27;[0m&amp#27;[32m&amp#27;[1mcusco&amp#27;[0m&amp#27;[32m" y lo selecciona&amp#27;[0m                                              &amp#27;[90m# HomePageSteps.elClienteBuscaDestinoYLoSelecciona(String)&amp#27;[0m
    &amp#27;[32mAnd &amp#27;[0m&amp#27;[32mEl cliente selecciona fechas desde "&amp#27;[0m&amp#27;[32m&amp#27;[1m31 January 2023&amp#27;[0m&amp#27;[32m" hasta "&amp#27;[0m&amp#27;[32m&amp#27;[1m18 February 2023&amp#27;[0m&amp#27;[32m"&amp#27;[0m                   &amp#27;[90m# HomePageSteps.elClienteSeleccionaFechasDesdeHasta(String,String)&amp#27;[0m
    &amp#27;[32mAnd &amp#27;[0m&amp#27;[32mEl cliente ingresa cantidad de habitaciones y pasajeros "&amp#27;[0m&amp#27;[32m&amp#27;[1m5 years old&amp#27;[0m&amp#27;[32m"&amp#27;[0m                           &amp#27;[90m# HomePageSteps.elClienteIngresaCantidadDeHabitacionesYPasajeros(String)&amp#27;[0m
    &amp#27;[32mAnd &amp#27;[0m&amp#27;[32mEl cliente presionar buscar&amp#27;[0m                                                                     &amp#27;[90m# HomePageSteps.elClientePresionarBuscar()&amp#27;[0m
    &amp#27;[32mAnd &amp#27;[0m&amp#27;[32mEl cliente realiza click en opcion "&amp#27;[0m&amp#27;[32m&amp#27;[1m[3]&amp#27;[0m&amp#27;[32m"&amp#27;[0m                                                        &amp#27;[90m# ResultSearchPageSteps.elClienteRealizaClickEnOpcion(String)&amp#27;[0m
    &amp#27;[31mAnd &amp#27;[0m&amp#27;[31mEl cliente selecciona la habitacion&amp#27;[0m                                                             &amp#27;[90m# ResultSearchPageSteps.elClienteSeleccionaLaHabitacion()&amp#27;[0m
      &amp#27;[31morg.openqa.selenium.NoSuchElementException: An element could not be located on the page using the given search parameters. (WARNING: The server did not provide any stacktrace information)
      Command duration or timeout: 50.10 seconds
      For documentation on this error, please visit: http://seleniumhq.org/exceptions/no_such_element.html
      Build info: version: '3.1.0', revision: 'b94c902', time: '2017-02-16 12:21:31 -0800'
      System info: host: 'MacBook-Pro-de-Bryan.local', ip: 'fda5:79f7:5090:1:4e:dcfb:e7fe:a4c1%en0', os.name: 'Mac OS X', os.arch: 'x86_64', os.version: '10.16', java.version: '1.8.0_202'
      Driver info: io.appium.java_client.android.AndroidDriver
      Capabilities [{app=/Users/bvasquez/Downloads/AutomationAppiumTemplate//App//booking.apk, appPackage=com.booking, deviceScreenSize=1440x3120, networkConnectionEnabled=true, statBarHeight=136, warnings={}, viewportRect={top=136, left=0, width=1440, height=2680}, databaseEnabled=false, deviceName=emulator-5554, platform=LINUX, deviceUDID=emulator-5554, desired={app=/Users/bvasquez/Downloads/AutomationAppiumTemplate//App//booking.apk, platformName=Android, deviceName=pixel-device}, platformVersion=11, pixelRatio=3.5, webStorageEnabled=false, locationContextEnabled=false, takesScreenshot=true, javascriptEnabled=true, deviceScreenDensity=560, deviceModel=Android SDK built for x86, platformName=Android, deviceApiLevel=30, deviceManufacturer=unknown}]
      Session ID: a437a96a-c75f-4a90-b9fd-e98a484b324e
      *** Element info: {Using=xpath, value=/hierarchy/android.widget.FrameLayout/android.widget.LinearLayout/android.widget.FrameLayout/android.view.ViewGroup/android.widget.FrameLayout[2]/android.widget.RelativeLayout/android.widget.LinearLayout[2]/android.widget.LinearLayout/android.widget.LinearLayout/android.widget.FrameLayout/android.widget.Button}
      	at sun.reflect.NativeConstructorAccessorImpl.newInstance0(Native Method)
      	at sun.reflect.NativeConstructorAccessorImpl.newInstance(NativeConstructorAccessorImpl.java:62)
      	at sun.reflect.DelegatingConstructorAccessorImpl.newInstance(DelegatingConstructorAccessorImpl.java:45)
      	at java.lang.reflect.Constructor.newInstance(Constructor.java:423)
      	at org.openqa.selenium.remote.ErrorHandler.createThrowable(ErrorHandler.java:216)
      	at org.openqa.selenium.remote.ErrorHandler.throwIfResponseFailed(ErrorHandler.java:168)
      	at org.openqa.selenium.remote.RemoteWebDriver.execute(RemoteWebDriver.java:635)
      	at io.appium.java_client.DefaultGenericMobileDriver.execute(DefaultGenericMobileDriver.java:40)
      	at io.appium.java_client.AppiumDriver.execute(AppiumDriver.java:1)
      	at io.appium.java_client.android.AndroidDriver.execute(AndroidDriver.java:1)
      	at org.openqa.selenium.remote.RemoteWebDriver.findElement(RemoteWebDriver.java:368)
      	at io.appium.java_client.DefaultGenericMobileDriver.findElement(DefaultGenericMobileDriver.java:56)
      	at io.appium.java_client.AppiumDriver.findElement(AppiumDriver.java:1)
      	at io.appium.java_client.android.AndroidDriver.findElement(AndroidDriver.java:1)
      	at org.openqa.selenium.remote.RemoteWebDriver.findElementByXPath(RemoteWebDriver.java:473)
      	at io.appium.java_client.DefaultGenericMobileDriver.findElementByXPath(DefaultGenericMobileDriver.java:134)
      	at io.appium.java_client.AppiumDriver.findElementByXPath(AppiumDriver.java:1)
      	at io.appium.java_client.android.AndroidDriver.findElementByXPath(AndroidDriver.java:1)
      	at org.openqa.selenium.By$ByXPath.findElement(By.java:361)
      	at org.openqa.selenium.remote.RemoteWebDriver.findElement(RemoteWebDriver.java:360)
      	at io.appium.java_client.DefaultGenericMobileDriver.findElement(DefaultGenericMobileDriver.java:52)
      	at io.appium.java_client.AppiumDriver.findElement(AppiumDriver.java:1)
      	at io.appium.java_client.android.AndroidDriver.findElement(AndroidDriver.java:1)
      	at pages.ResultSearchPage.selectHabitacion2(ResultSearchPage.java:40)
      	at stepdefinations.ResultSearchPageSteps.elClienteSeleccionaLaHabitacion(ResultSearchPageSteps.java:37)
      	at ?.And El cliente selecciona la habitacion(Reservas.feature:11)
      &amp#27;[0m
    #And El cliente llena con sus datos personales "Bryan" "vasquez" "bryan.v.gomez@gmai.com" "juan oto 234" "3344" "santiago" "Chile" "965280478" "Leisure"
    &amp#27;[36mAnd &amp#27;[0m&amp#27;[36mEl cliente llena con sus datos personales "&amp#27;[0m&amp#27;[36m&amp#27;[1mBryan&amp#27;[0m&amp#27;[36m" "&amp#27;[0m&amp#27;[36m&amp#27;[1mvasquez&amp#27;[0m&amp#27;[36m" "&amp#27;[0m&amp#27;[36m&amp#27;[1mbryan.v.gomez@gmai.com&amp#27;[0m&amp#27;[36m""&amp#27;[0m&amp#27;[36m&amp#27;[1m965280478&amp#27;[0m&amp#27;[36m"&amp#27;[0m &amp#27;[90m# FromBookingPageSteps.elClienteLlenaConSusDatosPersonales(String,String,String,String)&amp#27;[0m
    &amp#27;[36mAnd &amp#27;[0m&amp#27;[36mEl cliente ingresa datos de tarjeta de credito "&amp#27;[0m&amp#27;[36m&amp#27;[1m4111111145551142&amp#27;[0m&amp#27;[36m" "&amp#27;[0m&amp#27;[36m&amp#27;[1m03/30&amp#27;[0m&amp#27;[36m" "&amp#27;[0m&amp#27;[36m&amp#27;[1m737&amp#27;[0m&amp#27;[36m"&amp#27;[0m                 &amp#27;[90m# FromBookingPageSteps.elClienteIngresaDatosDeTarjetaDeCredito(String,String,String)&amp#27;[0m
    &amp#27;[36mThen &amp#27;[0m&amp#27;[36mSe valida reserva exitosa en pantalla&amp#27;[0m                                                          &amp#27;[90m# FromBookingPageSteps.seValidaReservaExitosaEnPantalla()&amp#27;[0m
]]></system-out>
    <system-err><![CDATA[ene 23, 2023 8:19:55 PM org.openqa.selenium.remote.ProtocolHandshake createSession
INFORMACI?N: Detected dialect: OSS
]]></system-err>
  </testcase>
  <testcase name="feature" classname="runner.RunTest" time="0.068">
    <failure message="org.openqa.selenium.NoSuchSessionException: Session ID is null. Using WebDriver after calling quit()?&#10;Build info: version: &apos;3.1.0&apos;, revision: &apos;b94c902&apos;, time: &apos;2017-02-16 12:21:31 -0800&apos;&#10;System info: host: &apos;MacBook-Pro-de-Bryan.local&apos;, ip: &apos;fda5:79f7:5090:1:4e:dcfb:e7fe:a4c1%en0&apos;, os.name: &apos;Mac OS X&apos;, os.arch: &apos;x86_64&apos;, os.version: &apos;10.16&apos;, java.version: &apos;1.8.0_202&apos;&#10;Driver info: driver.version: AndroidDriver" type="cucumber.runtime.CucumberException">cucumber.runtime.CucumberException: 
org.openqa.selenium.NoSuchSessionException: Session ID is null. Using WebDriver after calling quit()?
Build info: version: '3.1.0', revision: 'b94c902', time: '2017-02-16 12:21:31 -0800'
System info: host: 'MacBook-Pro-de-Bryan.local', ip: 'fda5:79f7:5090:1:4e:dcfb:e7fe:a4c1%en0', os.name: 'Mac OS X', os.arch: 'x86_64', os.version: '10.16', java.version: '1.8.0_202'
Driver info: driver.version: AndroidDriver
Caused by: org.openqa.selenium.NoSuchSessionException: 
Session ID is null. Using WebDriver after calling quit()?
Build info: version: '3.1.0', revision: 'b94c902', time: '2017-02-16 12:21:31 -0800'
System info: host: 'MacBook-Pro-de-Bryan.local', ip: 'fda5:79f7:5090:1:4e:dcfb:e7fe:a4c1%en0', os.name: 'Mac OS X', os.arch: 'x86_64', os.version: '10.16', java.version: '1.8.0_202'
Driver info: driver.version: AndroidDriver
</failure>
    <system-out><![CDATA[@allTestCases
Feature: Casos de prueba para validaciones de mensajes de error, mensajes de exitos, etc

  @SCN02
  Scenario: Cliente presiona boton search sin llenar ningun campo      &amp#27;[90m# Validaciones.feature:5&amp#27;[0m
    &amp#27;[31mAnd &amp#27;[0m&amp#27;[31mEl cliente presiona x y presionar buscar&amp#27;[0m                       &amp#27;[90m# HomePageSteps.elClientePresionaXYPresionarBuscar()&amp#27;[0m
      &amp#27;[31morg.openqa.selenium.NoSuchSessionException: Session ID is null. Using WebDriver after calling quit()?
      Build info: version: '3.1.0', revision: 'b94c902', time: '2017-02-16 12:21:31 -0800'
      System info: host: 'MacBook-Pro-de-Bryan.local', ip: 'fda5:79f7:5090:1:4e:dcfb:e7fe:a4c1%en0', os.name: 'Mac OS X', os.arch: 'x86_64', os.version: '10.16', java.version: '1.8.0_202'
      Driver info: driver.version: AndroidDriver
      	at org.openqa.selenium.remote.HttpCommandExecutor.execute(HttpCommandExecutor.java:130)
      	at io.appium.java_client.remote.AppiumCommandExecutor.execute(AppiumCommandExecutor.java:69)
      	at org.openqa.selenium.remote.RemoteWebDriver.execute(RemoteWebDriver.java:601)
      	at io.appium.java_client.DefaultGenericMobileDriver.execute(DefaultGenericMobileDriver.java:40)
      	at io.appium.java_client.AppiumDriver.execute(AppiumDriver.java:1)
      	at io.appium.java_client.android.AndroidDriver.execute(AndroidDriver.java:1)
      	at org.openqa.selenium.remote.RemoteWebDriver.findElement(RemoteWebDriver.java:368)
      	at io.appium.java_client.DefaultGenericMobileDriver.findElement(DefaultGenericMobileDriver.java:56)
      	at io.appium.java_client.AppiumDriver.findElement(AppiumDriver.java:1)
      	at io.appium.java_client.android.AndroidDriver.findElement(AndroidDriver.java:1)
      	at org.openqa.selenium.remote.RemoteWebDriver.findElementByXPath(RemoteWebDriver.java:473)
      	at io.appium.java_client.DefaultGenericMobileDriver.findElementByXPath(DefaultGenericMobileDriver.java:134)
      	at io.appium.java_client.AppiumDriver.findElementByXPath(AppiumDriver.java:1)
      	at io.appium.java_client.android.AndroidDriver.findElementByXPath(AndroidDriver.java:1)
      	at org.openqa.selenium.By$ByXPath.findElement(By.java:361)
      	at org.openqa.selenium.remote.RemoteWebDriver.findElement(RemoteWebDriver.java:360)
      	at io.appium.java_client.DefaultGenericMobileDriver.findElement(DefaultGenericMobileDriver.java:52)
      	at io.appium.java_client.AppiumDriver.findElement(AppiumDriver.java:1)
      	at io.appium.java_client.android.AndroidDriver.findElement(AndroidDriver.java:1)
      	at pages.HomePage.clickXbuttom(HomePage.java:35)
      	at stepdefinations.HomePageSteps.elClientePresionaXYPresionarBuscar(HomePageSteps.java:88)
      	at ?.And El cliente presiona x y presionar buscar(Validaciones.feature:6)
      &amp#27;[0m
    &amp#27;[36mThen &amp#27;[0m&amp#27;[36mSe valida mensaje en pantalla "&amp#27;[0m&amp#27;[36m&amp#27;[1mPlease enter your destination&amp#27;[0m&amp#27;[36m"&amp#27;[0m &amp#27;[90m# HomePageSteps.seValidaMensajeEnPantalla(String)&amp#27;[0m

  @SCN03
  Scenario: Cliente presiona boton add missing details en formulario de informacion sin llenar ningun campo                                                                                                                                                                    &amp#27;[90m# Validaciones.feature:10&amp#27;[0m
    &amp#27;[31mGiven &amp#27;[0m&amp#27;[31mEl cliente busca destino "&amp#27;[0m&amp#27;[31m&amp#27;[1mcusco&amp#27;[0m&amp#27;[31m" y lo selecciona&amp#27;[0m                                                                                                                                                                                                                     &amp#27;[90m# HomePageSteps.elClienteBuscaDestinoYLoSelecciona(String)&amp#27;[0m
      &amp#27;[31morg.openqa.selenium.NoSuchSessionException: Session ID is null. Using WebDriver after calling quit()?
      Build info: version: '3.1.0', revision: 'b94c902', time: '2017-02-16 12:21:31 -0800'
      System info: host: 'MacBook-Pro-de-Bryan.local', ip: 'fda5:79f7:5090:1:4e:dcfb:e7fe:a4c1%en0', os.name: 'Mac OS X', os.arch: 'x86_64', os.version: '10.16', java.version: '1.8.0_202'
      Driver info: driver.version: AndroidDriver
      	at org.openqa.selenium.remote.HttpCommandExecutor.execute(HttpCommandExecutor.java:130)
      	at io.appium.java_client.remote.AppiumCommandExecutor.execute(AppiumCommandExecutor.java:69)
      	at org.openqa.selenium.remote.RemoteWebDriver.execute(RemoteWebDriver.java:601)
      	at io.appium.java_client.DefaultGenericMobileDriver.execute(DefaultGenericMobileDriver.java:40)
      	at io.appium.java_client.AppiumDriver.execute(AppiumDriver.java:1)
      	at io.appium.java_client.android.AndroidDriver.execute(AndroidDriver.java:1)
      	at org.openqa.selenium.remote.RemoteWebDriver.findElement(RemoteWebDriver.java:368)
      	at io.appium.java_client.DefaultGenericMobileDriver.findElement(DefaultGenericMobileDriver.java:56)
      	at io.appium.java_client.AppiumDriver.findElement(AppiumDriver.java:1)
      	at io.appium.java_client.android.AndroidDriver.findElement(AndroidDriver.java:1)
      	at org.openqa.selenium.remote.RemoteWebDriver.findElementByXPath(RemoteWebDriver.java:473)
      	at io.appium.java_client.DefaultGenericMobileDriver.findElementByXPath(DefaultGenericMobileDriver.java:134)
      	at io.appium.java_client.AppiumDriver.findElementByXPath(AppiumDriver.java:1)
      	at io.appium.java_client.android.AndroidDriver.findElementByXPath(AndroidDriver.java:1)
      	at org.openqa.selenium.By$ByXPath.findElement(By.java:361)
      	at org.openqa.selenium.remote.RemoteWebDriver.findElement(RemoteWebDriver.java:360)
      	at io.appium.java_client.DefaultGenericMobileDriver.findElement(DefaultGenericMobileDriver.java:52)
      	at io.appium.java_client.AppiumDriver.findElement(AppiumDriver.java:1)
      	at io.appium.java_client.android.AndroidDriver.findElement(AndroidDriver.java:1)
      	at pages.HomePage.clickXbuttom(HomePage.java:35)
      	at stepdefinations.HomePageSteps.elClienteBuscaDestinoYLoSelecciona(HomePageSteps.java:58)
      	at ?.Given El cliente busca destino "cusco" y lo selecciona(Validaciones.feature:11)
      &amp#27;[0m
    &amp#27;[36mAnd &amp#27;[0m&amp#27;[36mEl cliente selecciona fechas desde "&amp#27;[0m&amp#27;[36m&amp#27;[1m31 January 2023&amp#27;[0m&amp#27;[36m" hasta "&amp#27;[0m&amp#27;[36m&amp#27;[1m18 February 2023&amp#27;[0m&amp#27;[36m"&amp#27;[0m                                                                                                                                                                                          &amp#27;[90m# HomePageSteps.elClienteSeleccionaFechasDesdeHasta(String,String)&amp#27;[0m
    &amp#27;[36mAnd &amp#27;[0m&amp#27;[36mEl cliente ingresa cantidad de habitaciones y pasajeros "&amp#27;[0m&amp#27;[36m&amp#27;[1m5 years old&amp#27;[0m&amp#27;[36m"&amp#27;[0m                                                                                                                                                                                                  &amp#27;[90m# HomePageSteps.elClienteIngresaCantidadDeHabitacionesYPasajeros(String)&amp#27;[0m
    &amp#27;[36mAnd &amp#27;[0m&amp#27;[36mEl cliente presionar buscar&amp#27;[0m                                                                                                                                                                                                                                            &amp#27;[90m# HomePageSteps.elClientePresionarBuscar()&amp#27;[0m
    &amp#27;[36mAnd &amp#27;[0m&amp#27;[36mEl cliente realiza click en opcion "&amp#27;[0m&amp#27;[36m&amp#27;[1m[3]&amp#27;[0m&amp#27;[36m"&amp#27;[0m                                                                                                                                                                                                                               &amp#27;[90m# ResultSearchPageSteps.elClienteRealizaClickEnOpcion(String)&amp#27;[0m
    &amp#27;[36mAnd &amp#27;[0m&amp#27;[36mEl cliente selecciona la habitacion&amp#27;[0m                                                                                                                                                                                                                                    &amp#27;[90m# ResultSearchPageSteps.elClienteSeleccionaLaHabitacion()&amp#27;[0m
    &amp#27;[36mAnd &amp#27;[0m&amp#27;[36mEl cliente presiona add missing details sin rellenar ningun campo&amp#27;[0m                                                                                                                                                                                                      &amp#27;[90m# FromBookingPageSteps.elClientePresionaAddMissingDetailsSinRellenarNingunCampo()&amp#27;[0m
    &amp#27;[36mThen &amp#27;[0m&amp#27;[36mse despliegan mensajes de error en labels "&amp#27;[0m&amp#27;[36m&amp#27;[1mPlease enter your first name.&amp#27;[0m&amp#27;[36m" "&amp#27;[0m&amp#27;[36m&amp#27;[1mPlease enter your last name.&amp#27;[0m&amp#27;[36m" "&amp#27;[0m&amp#27;[36m&amp#27;[1mPlease enter your email address.&amp#27;[0m&amp#27;[36m""&amp#27;[0m&amp#27;[36m&amp#27;[1mPlease enter your address.&amp#27;[0m&amp#27;[36m""&amp#27;[0m&amp#27;[36m&amp#27;[1mPlease enter your zip/postal code.&amp#27;[0m&amp#27;[36m""&amp#27;[0m&amp#27;[36m&amp#27;[1mPlease enter your city.&amp#27;[0m&amp#27;[36m""&amp#27;[0m&amp#27;[36m&amp#27;[1mPlease enter your phone number.&amp#27;[0m&amp#27;[36m"&amp#27;[0m &amp#27;[90m# FromBookingPageSteps.seDesplieganMensajesDeErrorEnLabels(String,String,String,String,String,String,String)&amp#27;[0m

  @SCN04
  Scenario: Cliente presiona boton add missing details en formulario de informacion sin llenar ningun campo &amp#27;[90m# Validaciones.feature:21&amp#27;[0m
    &amp#27;[31mGiven &amp#27;[0m&amp#27;[31mEl cliente busca destino "&amp#27;[0m&amp#27;[31m&amp#27;[1mcusco&amp#27;[0m&amp#27;[31m" y lo selecciona&amp#27;[0m                                                  &amp#27;[90m# HomePageSteps.elClienteBuscaDestinoYLoSelecciona(String)&amp#27;[0m
      &amp#27;[31morg.openqa.selenium.NoSuchSessionException: Session ID is null. Using WebDriver after calling quit()?
      Build info: version: '3.1.0', revision: 'b94c902', time: '2017-02-16 12:21:31 -0800'
      System info: host: 'MacBook-Pro-de-Bryan.local', ip: 'fda5:79f7:5090:1:4e:dcfb:e7fe:a4c1%en0', os.name: 'Mac OS X', os.arch: 'x86_64', os.version: '10.16', java.version: '1.8.0_202'
      Driver info: driver.version: AndroidDriver
      	at org.openqa.selenium.remote.HttpCommandExecutor.execute(HttpCommandExecutor.java:130)
      	at io.appium.java_client.remote.AppiumCommandExecutor.execute(AppiumCommandExecutor.java:69)
      	at org.openqa.selenium.remote.RemoteWebDriver.execute(RemoteWebDriver.java:601)
      	at io.appium.java_client.DefaultGenericMobileDriver.execute(DefaultGenericMobileDriver.java:40)
      	at io.appium.java_client.AppiumDriver.execute(AppiumDriver.java:1)
      	at io.appium.java_client.android.AndroidDriver.execute(AndroidDriver.java:1)
      	at org.openqa.selenium.remote.RemoteWebDriver.findElement(RemoteWebDriver.java:368)
      	at io.appium.java_client.DefaultGenericMobileDriver.findElement(DefaultGenericMobileDriver.java:56)
      	at io.appium.java_client.AppiumDriver.findElement(AppiumDriver.java:1)
      	at io.appium.java_client.android.AndroidDriver.findElement(AndroidDriver.java:1)
      	at org.openqa.selenium.remote.RemoteWebDriver.findElementByXPath(RemoteWebDriver.java:473)
      	at io.appium.java_client.DefaultGenericMobileDriver.findElementByXPath(DefaultGenericMobileDriver.java:134)
      	at io.appium.java_client.AppiumDriver.findElementByXPath(AppiumDriver.java:1)
      	at io.appium.java_client.android.AndroidDriver.findElementByXPath(AndroidDriver.java:1)
      	at org.openqa.selenium.By$ByXPath.findElement(By.java:361)
      	at org.openqa.selenium.remote.RemoteWebDriver.findElement(RemoteWebDriver.java:360)
      	at io.appium.java_client.DefaultGenericMobileDriver.findElement(DefaultGenericMobileDriver.java:52)
      	at io.appium.java_client.AppiumDriver.findElement(AppiumDriver.java:1)
      	at io.appium.java_client.android.AndroidDriver.findElement(AndroidDriver.java:1)
      	at pages.HomePage.clickXbuttom(HomePage.java:35)
      	at stepdefinations.HomePageSteps.elClienteBuscaDestinoYLoSelecciona(HomePageSteps.java:58)
      	at ?.Given El cliente busca destino "cusco" y lo selecciona(Validaciones.feature:22)
      &amp#27;[0m
    &amp#27;[36mAnd &amp#27;[0m&amp#27;[36mEl cliente selecciona fechas desde "&amp#27;[0m&amp#27;[36m&amp#27;[1m31 January 2023&amp#27;[0m&amp#27;[36m" hasta "&amp#27;[0m&amp#27;[36m&amp#27;[1m18 February 2023&amp#27;[0m&amp#27;[36m"&amp#27;[0m                       &amp#27;[90m# HomePageSteps.elClienteSeleccionaFechasDesdeHasta(String,String)&amp#27;[0m
    &amp#27;[36mAnd &amp#27;[0m&amp#27;[36mEl cliente ingresa cantidad de habitaciones y pasajeros "&amp#27;[0m&amp#27;[36m&amp#27;[1m5 years old&amp#27;[0m&amp#27;[36m"&amp#27;[0m                               &amp#27;[90m# HomePageSteps.elClienteIngresaCantidadDeHabitacionesYPasajeros(String)&amp#27;[0m
    &amp#27;[36mAnd &amp#27;[0m&amp#27;[36mEl cliente presionar buscar&amp#27;[0m                                                                         &amp#27;[90m# HomePageSteps.elClientePresionarBuscar()&amp#27;[0m
    &amp#27;[36mAnd &amp#27;[0m&amp#27;[36mEl cliente verifica el valor de la habitacion&amp#27;[0m                                                       &amp#27;[90m# ResultSearchPageSteps.elClienteVerificaElValorDeLaHabitacion()&amp#27;[0m
    &amp#27;[36mAnd &amp#27;[0m&amp#27;[36mEl cliente realiza click en opcion "&amp#27;[0m&amp#27;[36m&amp#27;[1m[3]&amp#27;[0m&amp#27;[36m"&amp#27;[0m                                                            &amp#27;[90m# ResultSearchPageSteps.elClienteRealizaClickEnOpcion(String)&amp#27;[0m
    &amp#27;[36mAnd &amp#27;[0m&amp#27;[36mEl cliente verifica el valor de la habitacion al seleccionar la habitacion&amp#27;[0m                          &amp#27;[90m# ResultSearchPageSteps.elClienteVerificaElValorDeLaHabitacionAlSeleccionarLaHabitacion()&amp#27;[0m
    &amp#27;[36mAnd &amp#27;[0m&amp#27;[36mEl cliente selecciona la habitacion&amp#27;[0m                                                                 &amp#27;[90m# ResultSearchPageSteps.elClienteSeleccionaLaHabitacion()&amp#27;[0m
    &amp#27;[36mAnd &amp#27;[0m&amp#27;[36mEl cliente vuelve a verificar el precio&amp#27;[0m                                                             &amp#27;[90m# ResultSearchPageSteps.elClienteVuelveAVerificarElPrecio()&amp#27;[0m
]]></system-out>
  </testcase>
</testsuite>