-------------------------------------------------------------------------------
Test set: TestSuite
-------------------------------------------------------------------------------
Tests run: 1, Failures: 1, Errors: 0, Skipped: 0, Time elapsed: 0.934 sec <<< FAILURE! - in TestSuite
feature(runner.RunTest)  Time elapsed: 0.166 sec  <<< FAILURE!
cucumber.runtime.CucumberException: java.lang.IllegalStateException: The driver is not executable: /Users/bvasquez/Downloads/CucumberFramework-master/drivers/chromedriver.exe
Caused by: java.lang.IllegalStateException: The driver is not executable: /Users/bvasquez/Downloads/CucumberFramework-master/drivers/chromedriver.exe

